[2m2024-02-29T07:01:10.181055Z[0m [32m INFO[0m [2mflashy[0m[2m:[0m TESTING TELEMETRY
[2m2024-02-29T07:01:12.726719Z[0m [32m INFO[0m [2mflashy::tui::screens::create_card[0m[2m:[0m TOGGLING CREATE CARD FIELD
[2m2024-02-29T07:01:15.974685Z[0m [32m INFO[0m [2mflashy::tui::screens::create_card[0m[2m:[0m pushing 'k' to BackText
[2m2024-02-29T07:01:15.993836Z[0m [32m INFO[0m [2mflashy::tui::screens::create_card[0m[2m:[0m pushing 'j' to BackText
[2m2024-02-29T07:01:16.014145Z[0m [32m INFO[0m [2mflashy::tui::screens::create_card[0m[2m:[0m pushing 'd' to BackText
[2m2024-02-29T07:01:16.226938Z[0m [32m INFO[0m [2mflashy::tui::screens::create_card[0m[2m:[0m pushing 'g' to BackText
[2m2024-02-29T07:01:16.305774Z[0m [32m INFO[0m [2mflashy::tui::screens::create_card[0m[2m:[0m pushing 'k' to BackText
[2m2024-02-29T07:01:16.326612Z[0m [32m INFO[0m [2mflashy::tui::screens::create_card[0m[2m:[0m pushing 'g' to BackText
[2m2024-02-29T07:01:16.400253Z[0m [32m INFO[0m [2mflashy::tui::screens::create_card[0m[2m:[0m pushing 'j' to BackText
[2m2024-02-29T07:01:16.651013Z[0m [32m INFO[0m [2mflashy::tui::screens::create_card[0m[2m:[0m pushing 'e' to BackText
[2m2024-02-29T07:01:16.719896Z[0m [32m INFO[0m [2mflashy::tui::screens::create_card[0m[2m:[0m pushing 'r' to BackText
[2m2024-02-29T07:01:19.444697Z[0m [32m INFO[0m [2mflashy::tui::screens::create_card[0m[2m:[0m pushing 'g' to BackText
[2m2024-02-29T07:01:19.550309Z[0m [32m INFO[0m [2mflashy::tui::screens::create_card[0m[2m:[0m pushing 's' to BackText
[2m2024-02-29T07:01:19.583533Z[0m [32m INFO[0m [2mflashy::tui::screens::create_card[0m[2m:[0m pushing 'h' to BackText
[2m2024-02-29T07:01:19.726654Z[0m [32m INFO[0m [2mflashy::tui::screens::create_card[0m[2m:[0m pushing 'l' to BackText
[2m2024-02-29T07:01:19.737538Z[0m [32m INFO[0m [2mflashy::tui::screens::create_card[0m[2m:[0m pushing 'e' to BackText
[2m2024-02-29T07:01:19.812854Z[0m [32m INFO[0m [2mflashy::tui::screens::create_card[0m[2m:[0m pushing 'r' to BackText
[2m2024-02-29T07:01:19.943054Z[0m [32m INFO[0m [2mflashy::tui::screens::create_card[0m[2m:[0m pushing 'k' to BackText
[2m2024-02-29T07:01:20.038186Z[0m [32m INFO[0m [2mflashy::tui::screens::create_card[0m[2m:[0m pushing 'j' to BackText
[2m2024-02-29T07:01:20.085401Z[0m [32m INFO[0m [2mflashy::tui::screens::create_card[0m[2m:[0m pushing 'g' to BackText
[2m2024-02-29T07:01:20.226747Z[0m [32m INFO[0m [2mflashy::tui::screens::create_card[0m[2m:[0m pushing 's' to BackText
[2m2024-02-29T07:01:20.319578Z[0m [32m INFO[0m [2mflashy::tui::screens::create_card[0m[2m:[0m pushing 'e' to BackText
[2m2024-02-29T07:01:20.391541Z[0m [32m INFO[0m [2mflashy::tui::screens::create_card[0m[2m:[0m pushing 'r' to BackText
[2m2024-02-29T07:01:22.713895Z[0m [32m INFO[0m [2mflashy::tui::screens::create_card[0m[2m:[0m pushing 'g' to BackText
[2m2024-02-29T07:01:22.824182Z[0m [32m INFO[0m [2mflashy::tui::screens::create_card[0m[2m:[0m pushing 'a' to BackText
[2m2024-02-29T07:01:22.919713Z[0m [32m INFO[0m [2mflashy::tui::screens::create_card[0m[2m:[0m pushing 's' to BackText
[2m2024-02-29T07:01:22.942922Z[0m [32m INFO[0m [2mflashy::tui::screens::create_card[0m[2m:[0m pushing 'd' to BackText
[2m2024-02-29T07:01:23.044127Z[0m [32m INFO[0m [2mflashy::tui::screens::create_card[0m[2m:[0m pushing 'f' to BackText
[2m2024-02-29T07:01:23.123187Z[0m [32m INFO[0m [2mflashy::tui::screens::create_card[0m[2m:[0m pushing 'l' to BackText
[2m2024-02-29T07:01:23.172719Z[0m [32m INFO[0m [2mflashy::tui::screens::create_card[0m[2m:[0m pushing 'k' to BackText
[2m2024-02-29T07:01:23.237747Z[0m [32m INFO[0m [2mflashy::tui::screens::create_card[0m[2m:[0m pushing 'e' to BackText
[2m2024-02-29T07:01:23.268173Z[0m [32m INFO[0m [2mflashy::tui::screens::create_card[0m[2m:[0m pushing 'j' to BackText
[2m2024-02-29T07:01:23.314815Z[0m [32m INFO[0m [2mflashy::tui::screens::create_card[0m[2m:[0m pushing 'r' to BackText
[2m2024-02-29T07:01:23.576155Z[0m [32m INFO[0m [2mflashy::tui::screens::create_card[0m[2m:[0m pushing 'g' to BackText
[2m2024-02-29T07:01:23.697060Z[0m [32m INFO[0m [2mflashy::tui::screens::create_card[0m[2m:[0m pushing 'h' to BackText
[2m2024-02-29T07:01:23.781256Z[0m [32m INFO[0m [2mflashy::tui::screens::create_card[0m[2m:[0m pushing 's' to BackText
[2m2024-02-29T07:01:23.877773Z[0m [32m INFO[0m [2mflashy::tui::screens::create_card[0m[2m:[0m pushing 'd' to BackText
[2m2024-02-29T07:01:23.924698Z[0m [32m INFO[0m [2mflashy::tui::screens::create_card[0m[2m:[0m pushing 'f' to BackText
[2m2024-02-29T07:01:23.982419Z[0m [32m INFO[0m [2mflashy::tui::screens::create_card[0m[2m:[0m pushing 'l' to BackText
[2m2024-02-29T07:01:24.035666Z[0m [32m INFO[0m [2mflashy::tui::screens::create_card[0m[2m:[0m pushing 'k' to BackText
[2m2024-02-29T07:01:24.194110Z[0m [32m INFO[0m [2mflashy::tui::screens::create_card[0m[2m:[0m pushing 'e' to BackText
[2m2024-02-29T07:01:24.200406Z[0m [32m INFO[0m [2mflashy::tui::screens::create_card[0m[2m:[0m pushing 'r' to BackText
[2m2024-02-29T07:01:27.418322Z[0m [32m INFO[0m [2mflashy::tui::screens::create_card[0m[2m:[0m TOGGLING CREATE CARD FIELD
[2m2024-02-29T07:01:28.539614Z[0m [32m INFO[0m [2mflashy::tui::screens::create_card[0m[2m:[0m TOGGLING CREATE CARD FIELD
[2m2024-02-29T07:01:29.083408Z[0m [32m INFO[0m [2mflashy::tui::screens::create_card[0m[2m:[0m pushing 'j' to BackText
[2m2024-02-29T07:01:30.703774Z[0m [32m INFO[0m [2mflashy::tui::screens::create_card[0m[2m:[0m TOGGLING CREATE CARD FIELD
[2m2024-02-29T07:01:31.377617Z[0m [32m INFO[0m [2mflashy::tui::screens::create_card[0m[2m:[0m pushing 'f' to FrontText
[2m2024-02-29T07:01:31.465024Z[0m [32m INFO[0m [2mflashy::tui::screens::create_card[0m[2m:[0m pushing 'd' to FrontText
[2m2024-02-29T07:01:31.566410Z[0m [32m INFO[0m [2mflashy::tui::screens::create_card[0m[2m:[0m pushing 'j' to FrontText
[2m2024-02-29T07:01:31.692558Z[0m [32m INFO[0m [2mflashy::tui::screens::create_card[0m[2m:[0m pushing 'k' to FrontText
[2m2024-02-29T07:01:31.707058Z[0m [32m INFO[0m [2mflashy::tui::screens::create_card[0m[2m:[0m pushing 'g' to FrontText
[2m2024-02-29T07:01:31.877510Z[0m [32m INFO[0m [2mflashy::tui::screens::create_card[0m[2m:[0m pushing 'j' to FrontText
[2m2024-02-29T07:01:31.917193Z[0m [32m INFO[0m [2mflashy::tui::screens::create_card[0m[2m:[0m pushing 'd' to FrontText
[2m2024-02-29T07:01:31.965955Z[0m [32m INFO[0m [2mflashy::tui::screens::create_card[0m[2m:[0m pushing 'f' to FrontText
[2m2024-02-29T07:01:33.664988Z[0m [32m INFO[0m [2mflashy::tui::screens::create_card[0m[2m:[0m pushing 'g' to FrontText
[2m2024-02-29T07:01:33.861311Z[0m [32m INFO[0m [2mflashy::tui::screens::create_card[0m[2m:[0m pushing 'a' to FrontText
[2m2024-02-29T07:01:33.869812Z[0m [32m INFO[0m [2mflashy::tui::screens::create_card[0m[2m:[0m pushing 'w' to FrontText
[2m2024-02-29T07:01:33.910802Z[0m [32m INFO[0m [2mflashy::tui::screens::create_card[0m[2m:[0m pushing 'e' to FrontText
[2m2024-02-29T07:01:34.011001Z[0m [32m INFO[0m [2mflashy::tui::screens::create_card[0m[2m:[0m pushing 'r' to FrontText
[2m2024-02-29T07:01:34.113475Z[0m [32m INFO[0m [2mflashy::tui::screens::create_card[0m[2m:[0m pushing 'l' to FrontText
[2m2024-02-29T07:01:34.163133Z[0m [32m INFO[0m [2mflashy::tui::screens::create_card[0m[2m:[0m pushing 'k' to FrontText
[2m2024-02-29T07:01:34.168742Z[0m [32m INFO[0m [2mflashy::tui::screens::create_card[0m[2m:[0m pushing ';' to FrontText
[2m2024-02-29T07:01:34.226862Z[0m [32m INFO[0m [2mflashy::tui::screens::create_card[0m[2m:[0m pushing 'a' to FrontText
[2m2024-02-29T07:01:34.236532Z[0m [32m INFO[0m [2mflashy::tui::screens::create_card[0m[2m:[0m pushing 'h' to FrontText
[2m2024-02-29T07:01:34.291327Z[0m [32m INFO[0m [2mflashy::tui::screens::create_card[0m[2m:[0m pushing 's' to FrontText
[2m2024-02-29T07:01:34.344706Z[0m [32m INFO[0m [2mflashy::tui::screens::create_card[0m[2m:[0m pushing 'd' to FrontText
[2m2024-02-29T07:01:34.442111Z[0m [32m INFO[0m [2mflashy::tui::screens::create_card[0m[2m:[0m pushing 'f' to FrontText
[2m2024-02-29T07:01:34.476752Z[0m [32m INFO[0m [2mflashy::tui::screens::create_card[0m[2m:[0m pushing 'l' to FrontText
[2m2024-02-29T07:01:34.530060Z[0m [32m INFO[0m [2mflashy::tui::screens::create_card[0m[2m:[0m pushing 'k' to FrontText
[2m2024-02-29T07:01:34.577784Z[0m [32m INFO[0m [2mflashy::tui::screens::create_card[0m[2m:[0m pushing 'j' to FrontText
[2m2024-02-29T07:01:34.596976Z[0m [32m INFO[0m [2mflashy::tui::screens::create_card[0m[2m:[0m pushing 'e' to FrontText
[2m2024-02-29T07:01:34.672352Z[0m [32m INFO[0m [2mflashy::tui::screens::create_card[0m[2m:[0m pushing 'r' to FrontText
[2m2024-02-29T07:01:34.826795Z[0m [32m INFO[0m [2mflashy::tui::screens::create_card[0m[2m:[0m pushing 'g' to FrontText
[2m2024-02-29T07:01:34.926601Z[0m [32m INFO[0m [2mflashy::tui::screens::create_card[0m[2m:[0m pushing 'o' to FrontText
[2m2024-02-29T07:01:35.008248Z[0m [32m INFO[0m [2mflashy::tui::screens::create_card[0m[2m:[0m pushing 'w' to FrontText
[2m2024-02-29T07:01:35.018661Z[0m [32m INFO[0m [2mflashy::tui::screens::create_card[0m[2m:[0m pushing 'i' to FrontText
[2m2024-02-29T07:01:35.060149Z[0m [32m INFO[0m [2mflashy::tui::screens::create_card[0m[2m:[0m pushing 'e' to FrontText
[2m2024-02-29T07:01:35.129915Z[0m [32m INFO[0m [2mflashy::tui::screens::create_card[0m[2m:[0m pushing 'r' to FrontText
[2m2024-02-29T07:01:35.161964Z[0m [32m INFO[0m [2mflashy::tui::screens::create_card[0m[2m:[0m pushing 'y' to FrontText
[2m2024-02-29T07:01:35.195473Z[0m [32m INFO[0m [2mflashy::tui::screens::create_card[0m[2m:[0m pushing 'u' to FrontText
[2m2024-02-29T07:01:36.370279Z[0m [32m INFO[0m [2mflashy::tui::screens::create_card[0m[2m:[0m TOGGLING CREATE CARD FIELD
[2m2024-02-29T07:01:36.700279Z[0m [32m INFO[0m [2mflashy::tui::screens::create_card[0m[2m:[0m TOGGLING CREATE CARD FIELD
[2m2024-02-29T07:01:36.969126Z[0m [32m INFO[0m [2mflashy::tui::screens::create_card[0m[2m:[0m TOGGLING CREATE CARD FIELD
[2m2024-02-29T07:01:37.176238Z[0m [32m INFO[0m [2mflashy::tui::screens::create_card[0m[2m:[0m TOGGLING CREATE CARD FIELD
[2m2024-02-29T07:01:37.335092Z[0m [32m INFO[0m [2mflashy::tui::screens::create_card[0m[2m:[0m TOGGLING CREATE CARD FIELD
[2m2024-02-29T07:01:37.474216Z[0m [32m INFO[0m [2mflashy::tui::screens::create_card[0m[2m:[0m TOGGLING CREATE CARD FIELD
